
                   @@@@@@                          @@@    @@@
                     @@                             @@     @ 
                     @@                             @@@    @ 
                     @@           @@@       @@@     @ @@   @ 
                     @@         @@   @@   @@   @@   @ @@   @ 
                     @@        @@     @@ @@     @@  @  @@  @ 
                     @@        @@     @@ @@     @@  @   @@ @ 
                     @@        @@     @@ @@     @@  @   @@ @ 
                     @@      @ @@     @@ @@     @@  @    @@@ 
                     @@     @   @@   @@   @@   @@   @     @@ 
                   @@@@@@@@@@     @@@       @@@    @@@    @@ 

                           Local optimization on Nets

             Alliance CAD System 5.0 20090901, loon 5.0 [2003/12/07]
             Copyright (c) 2000-2015,                 ASIM/LIP6/UPMC
             Author(s):                              François Donnet
             E-mail        :             alliance-users@asim.lip6.fr

	MBK_IN_LO	: vst
	MBK_OUT_LO	: vst
	MBK_TARGET_LIB	: /usr/lib64/alliance/cells/sxlib

Reading parameter file 'paramfile.lax'...
50% area - 50% delay optimization
Reading file 'srca_b.vst'...
Controlling file 'paramfile.lax'...
Reading lib '/usr/lib64/alliance/cells/sxlib'...
Capacitances on file 'srca_b.vst'...
Delays on file 'srca_b.vst'...3098 ps
Area on file 'srca_b.vst'...123500 lamda² (with over-cell routing)
Details...
	no2_x1: 16 (12%)
	inv_x2: 16 (9%)
	o2_x2: 11 (11%)
	no3_x1: 11 (11%)
	a2_x2: 4 (4%)
	na4_x1: 4 (4%)
	sff1_x4: 4 (14%)
	o3_x2: 4 (4%)
	nao22_x1: 3 (3%)
	ao22_x2: 3 (3%)
	na2_x1: 3 (2%)
	a4_x2: 2 (2%)
	oa22_x2: 2 (2%)
	on12_x1: 2 (2%)
	an12_x1: 1 (1%)
	oa2ao222_x2: 1 (2%)
	no4_x1: 1 (1%)
	o4_x2: 1 (1%)
	a3_x2: 1 (1%)
	na3_x1: 1 (1%)
	nxr2_x1: 1 (1%)
	Total: 92
Worst RC on file 'srca_b.vst'...416 ps
Inserting buffers on critical path for file 'srca_b_l.vst'...5 buffers inserted -> 3003 ps
Improving RC on critical path for file 'srca_b_l.vst'...2976 ps
Improving all RC for file 'srca_b_l.vst'...
Worst RC on file 'srca_b_l.vst'...416 ps
Area on file 'srca_b_l.vst'...128750 lamda² (with over-cell routing)
Details...
	no2_x1: 16 (12%)
	inv_x2: 16 (9%)
	o2_x2: 11 (10%)
	no3_x1: 11 (10%)
	buf_x2: 5 (3%)
	a2_x2: 4 (3%)
	na4_x1: 4 (4%)
	sff1_x4: 4 (13%)
	o3_x2: 4 (4%)
	nao22_x1: 3 (3%)
	ao22_x2: 3 (3%)
	na2_x1: 3 (2%)
	a4_x2: 2 (2%)
	oa22_x2: 2 (2%)
	on12_x1: 2 (1%)
	an12_x1: 1 (0%)
	oa2ao222_x4: 1 (2%)
	no4_x1: 1 (1%)
	o4_x2: 1 (1%)
	a3_x2: 1 (1%)
	na3_x1: 1 (0%)
	nxr2_x1: 1 (1%)
	Total: 97
Critical path (no warranty)...2976 ps from 'word_in 1' to 'src_cs_2_ins'
Saving file 'srca_b_l.vst'...
Adding signal 'mbk_buf_not_word_in 2'
Saving critical path in xsch color file 'srca_b_l.xsc'...
End of loon...

