
                  @@@@@@@                             @@@@ @  
                    @@   @@                         @@    @@  
                    @@    @@                       @@      @  
                    @@    @@     @@@       @@@    @@          
                    @@   @@    @@   @@   @@   @@  @@          
                    @@@@@@    @@     @@ @@     @@ @@     @@@@@
                    @@    @@  @@     @@ @@     @@ @@     @ @@ 
                    @@     @@ @@     @@ @@     @@ @@    @  @@ 
                    @@     @@ @@     @@ @@     @@  @@      @@ 
                    @@    @@   @@   @@   @@   @@    @@    @@  
                  @@@@@@@@       @@@       @@@        @@@@    

                         Binding and Optimizing On Gates

             Alliance CAD System 5.0 20090901, boog 5.0 [2003/01/09]
             Copyright (c) 2000-2015,                 ASIM/LIP6/UPMC
             Author(s):                              François Donnet
             E-mail        :             alliance-users@asim.lip6.fr

        MBK_VDD        : vdd
        MBK_VSS        : vss
        MBK_IN_LO      : vst
        MBK_OUT_LO     : vst
        MBK_WORK_LIB   : .
        MBK_TARGET_LIB : /usr/lib64/alliance/cells/sxlib

Reading parameter file 'paramfile.lax'...
50% area - 50% delay optimization
Reading file 'srca_b.vbe'...
Controlling file 'paramfile.lax'...
Controlling file 'srca_b.vbe'...
Reading lib '/usr/lib64/alliance/cells/sxlib'...
Controlling lib '/usr/lib64/alliance/cells/sxlib'...
Preparing file 'srca_b.vbe'...
Capacitances on file 'srca_b.vbe'...
Unflattening file 'srca_b.vbe'...
Mapping file 'srca_b.vbe'...
Saving file 'srca_b.vst'...
Quick estimated critical path (no warranty)...2324 ps from 'src_cs 3' to 'error_out'
Quick estimated area (with over-cell routing)...123500 lambda²
Details...
	no2_x1: 16
	inv_x2: 16
	o2_x2: 11
	no3_x1: 11
	a2_x2: 4
	na4_x1: 4
	sff1_x4: 4
	o3_x2: 4
	nao22_x1: 3
	ao22_x2: 3
	na2_x1: 3
	a4_x2: 2
	oa22_x2: 2
	on12_x1: 2
	an12_x1: 1
	oa2ao222_x2: 1
	no4_x1: 1
	o4_x2: 1
	a3_x2: 1
	na3_x1: 1
	nxr2_x1: 1
	Total: 92
Saving critical path in xsch color file 'srca_b.xsc'...
End of boog...

