
                   @@@@@@                          @@@    @@@
                     @@                             @@     @ 
                     @@                             @@@    @ 
                     @@           @@@       @@@     @ @@   @ 
                     @@         @@   @@   @@   @@   @ @@   @ 
                     @@        @@     @@ @@     @@  @  @@  @ 
                     @@        @@     @@ @@     @@  @   @@ @ 
                     @@        @@     @@ @@     @@  @   @@ @ 
                     @@      @ @@     @@ @@     @@  @    @@@ 
                     @@     @   @@   @@   @@   @@   @     @@ 
                   @@@@@@@@@@     @@@       @@@    @@@    @@ 

                           Local optimization on Nets

             Alliance CAD System 5.0 20090901, loon 5.0 [2003/12/07]
             Copyright (c) 2000-2015,                 ASIM/LIP6/UPMC
             Author(s):                              François Donnet
             E-mail        :             alliance-users@asim.lip6.fr

	MBK_IN_LO	: vst
	MBK_OUT_LO	: vst
	MBK_TARGET_LIB	: /usr/lib64/alliance/cells/sxlib

Reading parameter file 'paramfile.lax'...
50% area - 50% delay optimization
Reading file 'srcj_b.vst'...
Controlling file 'paramfile.lax'...
Reading lib '/usr/lib64/alliance/cells/sxlib'...
Capacitances on file 'srcj_b.vst'...
Delays on file 'srcj_b.vst'...3508 ps
Area on file 'srcj_b.vst'...158750 lamda² (with over-cell routing)
Details...
	no2_x1: 23 (14%)
	inv_x2: 15 (7%)
	o2_x2: 11 (8%)
	a2_x2: 11 (8%)
	no3_x1: 8 (6%)
	o3_x2: 7 (6%)
	o4_x2: 6 (6%)
	oa22_x2: 6 (5%)
	na2_x1: 6 (3%)
	noa22_x1: 5 (4%)
	on12_x1: 4 (3%)
	sff1_x4: 4 (11%)
	nao22_x1: 3 (2%)
	na3_x1: 3 (2%)
	oa2ao222_x2: 1 (1%)
	an12_x1: 1 (0%)
	no4_x1: 1 (0%)
	na4_x1: 1 (0%)
	noa2ao222_x1: 1 (1%)
	a3_x2: 1 (0%)
	nxr2_x1: 1 (1%)
	Total: 119
Worst RC on file 'srcj_b.vst'...416 ps
Inserting buffers on critical path for file 'srcj_b_l.vst'...2 buffers inserted -> 3423 ps
Improving RC on critical path for file 'srcj_b_l.vst'...3373 ps
Improving all RC for file 'srcj_b_l.vst'...
Worst RC on file 'srcj_b_l.vst'...416 ps
Area on file 'srcj_b_l.vst'...161000 lamda² (with over-cell routing)
Details...
	no2_x1: 23 (14%)
	inv_x2: 14 (6%)
	o2_x2: 11 (8%)
	a2_x2: 11 (8%)
	no3_x1: 8 (6%)
	o3_x2: 7 (6%)
	o4_x2: 6 (6%)
	oa22_x2: 6 (5%)
	na2_x1: 6 (3%)
	noa22_x1: 5 (4%)
	on12_x1: 4 (3%)
	sff1_x4: 4 (11%)
	nao22_x1: 3 (2%)
	na3_x1: 3 (2%)
	buf_x2: 2 (1%)
	oa2ao222_x2: 1 (1%)
	an12_x1: 1 (0%)
	no4_x1: 1 (0%)
	na4_x1: 1 (0%)
	noa2ao222_x1: 1 (1%)
	a3_x2: 1 (0%)
	inv_x4: 1 (0%)
	nxr2_x1: 1 (1%)
	Total: 121
Critical path (no warranty)...3373 ps from 'src_cs 2' to 'error_out'
Saving file 'srcj_b_l.vst'...
Saving critical path in xsch color file 'srcj_b_l.xsc'...
End of loon...

