
                  @@@@@@@                             @@@@ @  
                    @@   @@                         @@    @@  
                    @@    @@                       @@      @  
                    @@    @@     @@@       @@@    @@          
                    @@   @@    @@   @@   @@   @@  @@          
                    @@@@@@    @@     @@ @@     @@ @@     @@@@@
                    @@    @@  @@     @@ @@     @@ @@     @ @@ 
                    @@     @@ @@     @@ @@     @@ @@    @  @@ 
                    @@     @@ @@     @@ @@     @@  @@      @@ 
                    @@    @@   @@   @@   @@   @@    @@    @@  
                  @@@@@@@@       @@@       @@@        @@@@    

                         Binding and Optimizing On Gates

             Alliance CAD System 5.0 20090901, boog 5.0 [2003/01/09]
             Copyright (c) 2000-2015,                 ASIM/LIP6/UPMC
             Author(s):                              François Donnet
             E-mail        :             alliance-users@asim.lip6.fr

        MBK_VDD        : vdd
        MBK_VSS        : vss
        MBK_IN_LO      : vst
        MBK_OUT_LO     : vst
        MBK_WORK_LIB   : .
        MBK_TARGET_LIB : /usr/lib64/alliance/cells/sxlib

Reading parameter file 'paramfile.lax'...
50% area - 50% delay optimization
Reading file 'srcj_b.vbe'...
Controlling file 'paramfile.lax'...
Controlling file 'srcj_b.vbe'...
Reading lib '/usr/lib64/alliance/cells/sxlib'...
Controlling lib '/usr/lib64/alliance/cells/sxlib'...
Preparing file 'srcj_b.vbe'...
Capacitances on file 'srcj_b.vbe'...
Unflattening file 'srcj_b.vbe'...
Mapping file 'srcj_b.vbe'...
Saving file 'srcj_b.vst'...
Quick estimated critical path (no warranty)...2975 ps from 'src_cs 3' to 'error_out'
Quick estimated area (with over-cell routing)...158750 lambda²
Details...
	no2_x1: 23
	inv_x2: 15
	o2_x2: 11
	a2_x2: 11
	no3_x1: 8
	o3_x2: 7
	o4_x2: 6
	oa22_x2: 6
	na2_x1: 6
	noa22_x1: 5
	on12_x1: 4
	sff1_x4: 4
	nao22_x1: 3
	na3_x1: 3
	oa2ao222_x2: 1
	an12_x1: 1
	no4_x1: 1
	na4_x1: 1
	noa2ao222_x1: 1
	a3_x2: 1
	nxr2_x1: 1
	Total: 119
Saving critical path in xsch color file 'srcj_b.xsc'...
End of boog...

