
                  @@@@@@@                             @@@@ @  
                    @@   @@                         @@    @@  
                    @@    @@                       @@      @  
                    @@    @@     @@@       @@@    @@          
                    @@   @@    @@   @@   @@   @@  @@          
                    @@@@@@    @@     @@ @@     @@ @@     @@@@@
                    @@    @@  @@     @@ @@     @@ @@     @ @@ 
                    @@     @@ @@     @@ @@     @@ @@    @  @@ 
                    @@     @@ @@     @@ @@     @@  @@      @@ 
                    @@    @@   @@   @@   @@   @@    @@    @@  
                  @@@@@@@@       @@@       @@@        @@@@    

                         Binding and Optimizing On Gates

             Alliance CAD System 5.0 20090901, boog 5.0 [2003/01/09]
             Copyright (c) 2000-2015,                 ASIM/LIP6/UPMC
             Author(s):                              François Donnet
             E-mail        :             alliance-users@asim.lip6.fr

        MBK_VDD        : vdd
        MBK_VSS        : vss
        MBK_IN_LO      : vst
        MBK_OUT_LO     : vst
        MBK_WORK_LIB   : .
        MBK_TARGET_LIB : /usr/lib64/alliance/cells/sxlib

Reading parameter file 'paramfile.lax'...
50% area - 50% delay optimization
Reading file 'srcm_b.vbe'...
Controlling file 'paramfile.lax'...
Controlling file 'srcm_b.vbe'...
Reading lib '/usr/lib64/alliance/cells/sxlib'...
Controlling lib '/usr/lib64/alliance/cells/sxlib'...
Preparing file 'srcm_b.vbe'...
Capacitances on file 'srcm_b.vbe'...
Unflattening file 'srcm_b.vbe'...
Mapping file 'srcm_b.vbe'...
Saving file 'srcm_b.vst'...
Quick estimated critical path (no warranty)...2433 ps from 'word_in 4' to 'error_out'
Quick estimated area (with over-cell routing)...152250 lambda²
Details...
	no2_x1: 23
	inv_x2: 18
	a2_x2: 10
	no3_x1: 8
	o2_x2: 8
	na2_x1: 6
	na3_x1: 5
	no4_x1: 5
	sff1_x4: 4
	o3_x2: 3
	nxr2_x1: 3
	na4_x1: 3
	oa2a22_x2: 2
	oa22_x2: 2
	a4_x2: 2
	nao22_x1: 2
	noa2ao222_x1: 2
	nao2o22_x1: 1
	oa2ao222_x2: 1
	an12_x1: 1
	on12_x1: 1
	a3_x2: 1
	ao2o22_x2: 1
	noa2a22_x1: 1
	Total: 113
Saving critical path in xsch color file 'srcm_b.xsc'...
End of boog...

