
                  @@@@@@@                             @@@@ @  
                    @@   @@                         @@    @@  
                    @@    @@                       @@      @  
                    @@    @@     @@@       @@@    @@          
                    @@   @@    @@   @@   @@   @@  @@          
                    @@@@@@    @@     @@ @@     @@ @@     @@@@@
                    @@    @@  @@     @@ @@     @@ @@     @ @@ 
                    @@     @@ @@     @@ @@     @@ @@    @  @@ 
                    @@     @@ @@     @@ @@     @@  @@      @@ 
                    @@    @@   @@   @@   @@   @@    @@    @@  
                  @@@@@@@@       @@@       @@@        @@@@    

                         Binding and Optimizing On Gates

             Alliance CAD System 5.0 20090901, boog 5.0 [2003/01/09]
             Copyright (c) 2000-2015,                 ASIM/LIP6/UPMC
             Author(s):                              François Donnet
             E-mail        :             alliance-users@asim.lip6.fr

        MBK_VDD        : vdd
        MBK_VSS        : vss
        MBK_IN_LO      : vst
        MBK_OUT_LO     : vst
        MBK_WORK_LIB   : .
        MBK_TARGET_LIB : /usr/lib64/alliance/cells/sxlib

Reading parameter file 'paramfile.lax'...
50% area - 50% delay optimization
Reading file 'srco_b.vbe'...
Controlling file 'paramfile.lax'...
Controlling file 'srco_b.vbe'...
Reading lib '/usr/lib64/alliance/cells/sxlib'...
Controlling lib '/usr/lib64/alliance/cells/sxlib'...
Preparing file 'srco_b.vbe'...
Capacitances on file 'srco_b.vbe'...
Unflattening file 'srco_b.vbe'...
Mapping file 'srco_b.vbe'...
Saving file 'srco_b.vst'...
Quick estimated critical path (no warranty)...1590 ps from 'word_in 1' to 'error_out'
Quick estimated area (with over-cell routing)...127500 lambda²
Details...
	no2_x1: 24
	inv_x2: 16
	sff1_x4: 10
	o2_x2: 6
	no3_x1: 5
	na3_x1: 5
	na4_x1: 4
	on12_x1: 3
	a4_x2: 3
	nao22_x1: 2
	na2_x1: 2
	a2_x2: 2
	buf_x2: 1
	no4_x1: 1
	a3_x2: 1
	Total: 85
Saving critical path in xsch color file 'srco_b.xsc'...
End of boog...

