
                   @@@@@@                          @@@    @@@
                     @@                             @@     @ 
                     @@                             @@@    @ 
                     @@           @@@       @@@     @ @@   @ 
                     @@         @@   @@   @@   @@   @ @@   @ 
                     @@        @@     @@ @@     @@  @  @@  @ 
                     @@        @@     @@ @@     @@  @   @@ @ 
                     @@        @@     @@ @@     @@  @   @@ @ 
                     @@      @ @@     @@ @@     @@  @    @@@ 
                     @@     @   @@   @@   @@   @@   @     @@ 
                   @@@@@@@@@@     @@@       @@@    @@@    @@ 

                           Local optimization on Nets

             Alliance CAD System 5.0 20090901, loon 5.0 [2003/12/07]
             Copyright (c) 2000-2015,                 ASIM/LIP6/UPMC
             Author(s):                              François Donnet
             E-mail        :             alliance-users@asim.lip6.fr

	MBK_IN_LO	: vst
	MBK_OUT_LO	: vst
	MBK_TARGET_LIB	: /usr/lib64/alliance/cells/sxlib

Reading parameter file 'paramfile.lax'...
50% area - 50% delay optimization
Reading file 'srco_b.vst'...
Controlling file 'paramfile.lax'...
Reading lib '/usr/lib64/alliance/cells/sxlib'...
Capacitances on file 'srco_b.vst'...
Delays on file 'srco_b.vst'...2627 ps
Area on file 'srco_b.vst'...127500 lamda² (with over-cell routing)
Details...
	no2_x1: 24 (18%)
	inv_x2: 16 (9%)
	sff1_x4: 10 (35%)
	o2_x2: 6 (5%)
	no3_x1: 5 (4%)
	na3_x1: 5 (4%)
	na4_x1: 4 (4%)
	on12_x1: 3 (2%)
	a4_x2: 3 (4%)
	nao22_x1: 2 (2%)
	na2_x1: 2 (1%)
	a2_x2: 2 (1%)
	buf_x2: 1 (0%)
	no4_x1: 1 (1%)
	a3_x2: 1 (1%)
	Total: 85
Worst RC on file 'srco_b.vst'...416 ps
Inserting buffers on critical path for file 'srco_b_l.vst'...1 buffer inserted -> 2623 ps
Improving RC on critical path for file 'srco_b_l.vst'...2476 ps
Improving all RC for file 'srco_b_l.vst'...
Worst RC on file 'srco_b_l.vst'...416 ps
Area on file 'srco_b_l.vst'...129500 lamda² (with over-cell routing)
Details...
	no2_x1: 24 (18%)
	inv_x2: 16 (9%)
	sff1_x4: 10 (34%)
	o2_x2: 6 (5%)
	no3_x1: 5 (4%)
	na3_x1: 5 (4%)
	na4_x1: 4 (4%)
	on12_x1: 3 (2%)
	a4_x2: 3 (4%)
	nao22_x1: 2 (2%)
	na2_x1: 2 (1%)
	a2_x2: 2 (1%)
	buf_x2: 1 (0%)
	buf_x8: 1 (1%)
	no4_x1: 1 (1%)
	a3_x2: 1 (1%)
	Total: 86
Critical path (no warranty)...2476 ps from 'word_in 4' to 'src_cs_0_ins'
Saving file 'srco_b_l.vst'...
Saving critical path in xsch color file 'srco_b_l.xsc'...
End of loon...

