
      @@@@@@@@@  @@@@                      @@@@@@@               @@@       
        @@    @    @@                @       @@   @@              @@       
        @@     @   @@               @@       @@    @@             @@       
        @@         @@     @@@@      @@       @@    @@    @@@@@    @@ @@@   
        @@   @     @@    @@   @   @@@@@@@@   @@   @@    @     @   @@@  @@  
        @@@@@@     @@    @@   @@    @@       @@@@@@    @@     @@  @@    @@ 
        @@   @     @@      @@@@@    @@       @@    @@  @@@@@@@@@  @@    @@ 
        @@         @@    @@   @@    @@       @@     @@ @@         @@    @@ 
        @@         @@   @@    @@    @@       @@     @@ @@      @  @@    @@ 
        @@         @@   @@   @@@    @@   @   @@    @@   @@    @@  @@    @@ 
      @@@@@@     @@@@@@  @@@@  @@    @@@@  @@@@@@@@       @@@@   @@@@  @@@@

                              a netlist abstractor

           Alliance CAD System 5.0 20090901, flatbeh 5.0 [2000/11/01]
           Copyright (c) 1993-2015,                    ASIM/LIP6/UPMC
           Author(s):                François DONNET, Huu Nghia VUONG
           E-mail        :                alliance-users@asim.lip6.fr

     =========================  Environnement  =========================
     MBK_WORK_LIB        = .
     MBK_CATA_LIB        = .:/usr/lib64/alliance/cells/sxlib:/usr/lib64/alliance/cells/dp_sxlib:/usr/lib64/alliance/cells/rflib:/usr/lib64/alliance/cells/rf2lib:/usr/lib64/alliance/cells/ramlib:/usr/lib64/alliance/cells/romlib:/usr/lib64/alliance/cells/pxlib:/usr/lib64/alliance/cells/padlib
     MBK_CATAL_NAME      = CATAL
     ============================== Files ==============================
     Netlist file        = srco_b_l.vst
     Output  file        = srco_b_l_net.vbe
     ===================================================================

Loading './srco_b_l.vst'
flattening figure srco_b_l 
 loading a3_x2 
 loading a2_x2 
 loading inv_x2 
 loading na2_x1 
 loading a4_x2 
 loading on12_x1 
 loading na3_x1 
 loading no4_x1 
 loading na4_x1 
 loading o2_x2 
 loading nao22_x1 
 loading sff1_x4 
 loading buf_x8 
 loading no3_x1 
 loading no2_x1 
 loading buf_x2 
Restoring array's orders 
BEH : Saving 'srco_b_l_net' in a vhdl file (vbe)
