
                   @@@@@@                          @@@    @@@
                     @@                             @@     @ 
                     @@                             @@@    @ 
                     @@           @@@       @@@     @ @@   @ 
                     @@         @@   @@   @@   @@   @ @@   @ 
                     @@        @@     @@ @@     @@  @  @@  @ 
                     @@        @@     @@ @@     @@  @   @@ @ 
                     @@        @@     @@ @@     @@  @   @@ @ 
                     @@      @ @@     @@ @@     @@  @    @@@ 
                     @@     @   @@   @@   @@   @@   @     @@ 
                   @@@@@@@@@@     @@@       @@@    @@@    @@ 

                           Local optimization on Nets

             Alliance CAD System 5.0 20090901, loon 5.0 [2003/12/07]
             Copyright (c) 2000-2015,                 ASIM/LIP6/UPMC
             Author(s):                              François Donnet
             E-mail        :             alliance-users@asim.lip6.fr

	MBK_IN_LO	: vst
	MBK_OUT_LO	: vst
	MBK_TARGET_LIB	: /usr/lib64/alliance/cells/sxlib

Reading parameter file 'paramfile.lax'...
50% area - 50% delay optimization
Reading file 'srcr_b.vst'...
Controlling file 'paramfile.lax'...
Reading lib '/usr/lib64/alliance/cells/sxlib'...
Capacitances on file 'srcr_b.vst'...
Delays on file 'srcr_b.vst'...3564 ps
Area on file 'srcr_b.vst'...159000 lamda² (with over-cell routing)
Details...
	no2_x1: 23 (14%)
	inv_x2: 16 (7%)
	o2_x2: 15 (11%)
	a2_x2: 8 (6%)
	na2_x1: 7 (4%)
	o3_x2: 7 (6%)
	no3_x1: 5 (3%)
	na4_x1: 5 (4%)
	on12_x1: 5 (3%)
	no4_x1: 4 (3%)
	ao22_x2: 4 (3%)
	na3_x1: 4 (3%)
	sff1_x4: 4 (11%)
	oa2ao222_x2: 3 (4%)
	oa22_x2: 3 (2%)
	noa22_x1: 3 (2%)
	a4_x2: 2 (2%)
	an12_x1: 1 (0%)
	a3_x2: 1 (0%)
	Total: 120
Worst RC on file 'srcr_b.vst'...491 ps
Inserting buffers on critical path for file 'srcr_b_l.vst'...2 buffers inserted -> 3409 ps
Improving RC on critical path for file 'srcr_b_l.vst'...3360 ps
Improving all RC for file 'srcr_b_l.vst'...
Worst RC on file 'srcr_b_l.vst'...491 ps
Area on file 'srcr_b_l.vst'...161250 lamda² (with over-cell routing)
Details...
	no2_x1: 23 (14%)
	inv_x2: 16 (7%)
	o2_x2: 15 (11%)
	a2_x2: 8 (6%)
	na2_x1: 7 (4%)
	o3_x2: 7 (6%)
	no3_x1: 5 (3%)
	na4_x1: 5 (4%)
	on12_x1: 5 (3%)
	no4_x1: 4 (3%)
	ao22_x2: 4 (3%)
	na3_x1: 4 (3%)
	sff1_x4: 4 (11%)
	oa22_x2: 3 (2%)
	noa22_x1: 3 (2%)
	buf_x2: 2 (1%)
	oa2ao222_x2: 2 (3%)
	a4_x2: 2 (2%)
	oa2ao222_x4: 1 (1%)
	an12_x1: 1 (0%)
	a3_x2: 1 (0%)
	Total: 122
Critical path (no warranty)...3360 ps from 'src_cs 3' to 'error_out'
Saving file 'srcr_b_l.vst'...
Saving critical path in xsch color file 'srcr_b_l.xsc'...
End of loon...

